2023-10-10T13:41:06+00:00 CRITICAL Uncaught TypeError: call_user_func_array(): Argument #1 ($function) must be a valid callback, function "bootstrap_custom" not found or invalid function name in C:\xampp\htdocs\chancetochange\wp-includes\class-wp-hook.php:310
Stack trace:
#0 C:\xampp\htdocs\chancetochange\wp-includes\class-wp-hook.php(334): WP_Hook->apply_filters(NULL, Array)
#1 C:\xampp\htdocs\chancetochange\wp-includes\plugin.php(517): WP_Hook->do_action(Array)
#2 C:\xampp\htdocs\chancetochange\wp-includes\script-loader.php(2225): do_action('wp_enqueue_scri...')
#3 C:\xampp\htdocs\chancetochange\wp-includes\class-wp-hook.php(310): wp_enqueue_scripts('')
#4 C:\xampp\htdocs\chancetochange\wp-includes\class-wp-hook.php(334): WP_Hook->apply_filters(NULL, Array)
#5 C:\xampp\htdocs\chancetochange\wp-includes\plugin.php(517): WP_Hook->do_action(Array)
#6 C:\xampp\htdocs\chancetochange\wp-includes\general-template.php(3053): do_action('wp_head')
#7 C:\xampp\htdocs\chancetochange\wp-content\themes\changetochallenge\header.php(24): wp_head()
#8 C:\xampp\htdocs\chancetochange\wp-includes\template.php(785): require_once('C:\\xampp\\htdocs...')
#9 C:\xampp\htdocs\chancetochange\wp-includes\template.php(720): load_template('C:\\xampp\\htdocs...', true, Array)
#10 C:\xampp\htdocs\chancetochange\wp-includes\general-template.php(48): locate_template(Array, true, true, Array)
#11 C:\xampp\htdocs\chancetochange\wp-content\themes\changetochallenge\page.php(15): get_header()
#12 C:\xampp\htdocs\chancetochange\wp-includes\template-loader.php(106): include('C:\\xampp\\htdocs...')
#13 C:\xampp\htdocs\chancetochange\wp-blog-header.php(19): require_once('C:\\xampp\\htdocs...')
#14 C:\xampp\htdocs\chancetochange\index.php(17): require('C:\\xampp\\htdocs...')
#15 {main}
  thrown in C:\xampp\htdocs\chancetochange\wp-includes\class-wp-hook.php on line 310

2023-10-10T13:41:08+00:00 CRITICAL Uncaught TypeError: call_user_func_array(): Argument #1 ($function) must be a valid callback, function "bootstrap_custom" not found or invalid function name in C:\xampp\htdocs\chancetochange\wp-includes\class-wp-hook.php:310
Stack trace:
#0 C:\xampp\htdocs\chancetochange\wp-includes\class-wp-hook.php(334): WP_Hook->apply_filters(NULL, Array)
#1 C:\xampp\htdocs\chancetochange\wp-includes\plugin.php(517): WP_Hook->do_action(Array)
#2 C:\xampp\htdocs\chancetochange\wp-includes\script-loader.php(2225): do_action('wp_enqueue_scri...')
#3 C:\xampp\htdocs\chancetochange\wp-includes\class-wp-hook.php(310): wp_enqueue_scripts('')
#4 C:\xampp\htdocs\chancetochange\wp-includes\class-wp-hook.php(334): WP_Hook->apply_filters(NULL, Array)
#5 C:\xampp\htdocs\chancetochange\wp-includes\plugin.php(517): WP_Hook->do_action(Array)
#6 C:\xampp\htdocs\chancetochange\wp-includes\general-template.php(3053): do_action('wp_head')
#7 C:\xampp\htdocs\chancetochange\wp-content\themes\changetochallenge\header.php(24): wp_head()
#8 C:\xampp\htdocs\chancetochange\wp-includes\template.php(785): require_once('C:\\xampp\\htdocs...')
#9 C:\xampp\htdocs\chancetochange\wp-includes\template.php(720): load_template('C:\\xampp\\htdocs...', true, Array)
#10 C:\xampp\htdocs\chancetochange\wp-includes\general-template.php(48): locate_template(Array, true, true, Array)
#11 C:\xampp\htdocs\chancetochange\wp-content\themes\changetochallenge\404.php(10): get_header()
#12 C:\xampp\htdocs\chancetochange\wp-includes\template-loader.php(106): include('C:\\xampp\\htdocs...')
#13 C:\xampp\htdocs\chancetochange\wp-blog-header.php(19): require_once('C:\\xampp\\htdocs...')
#14 C:\xampp\htdocs\chancetochange\index.php(17): require('C:\\xampp\\htdocs...')
#15 {main}
  thrown in C:\xampp\htdocs\chancetochange\wp-includes\class-wp-hook.php on line 310

2023-10-10T13:41:08+00:00 CRITICAL Uncaught TypeError: call_user_func_array(): Argument #1 ($function) must be a valid callback, function "bootstrap_custom" not found or invalid function name in C:\xampp\htdocs\chancetochange\wp-includes\class-wp-hook.php:310
Stack trace:
#0 C:\xampp\htdocs\chancetochange\wp-includes\class-wp-hook.php(334): WP_Hook->apply_filters(NULL, Array)
#1 C:\xampp\htdocs\chancetochange\wp-includes\plugin.php(517): WP_Hook->do_action(Array)
#2 C:\xampp\htdocs\chancetochange\wp-includes\script-loader.php(2225): do_action('wp_enqueue_scri...')
#3 C:\xampp\htdocs\chancetochange\wp-includes\class-wp-hook.php(310): wp_enqueue_scripts('')
#4 C:\xampp\htdocs\chancetochange\wp-includes\class-wp-hook.php(334): WP_Hook->apply_filters(NULL, Array)
#5 C:\xampp\htdocs\chancetochange\wp-includes\plugin.php(517): WP_Hook->do_action(Array)
#6 C:\xampp\htdocs\chancetochange\wp-includes\general-template.php(3053): do_action('wp_head')
#7 C:\xampp\htdocs\chancetochange\wp-content\themes\changetochallenge\header.php(24): wp_head()
#8 C:\xampp\htdocs\chancetochange\wp-includes\template.php(785): require_once('C:\\xampp\\htdocs...')
#9 C:\xampp\htdocs\chancetochange\wp-includes\template.php(720): load_template('C:\\xampp\\htdocs...', true, Array)
#10 C:\xampp\htdocs\chancetochange\wp-includes\general-template.php(48): locate_template(Array, true, true, Array)
#11 C:\xampp\htdocs\chancetochange\wp-content\themes\changetochallenge\404.php(10): get_header()
#12 C:\xampp\htdocs\chancetochange\wp-includes\template-loader.php(106): include('C:\\xampp\\htdocs...')
#13 C:\xampp\htdocs\chancetochange\wp-blog-header.php(19): require_once('C:\\xampp\\htdocs...')
#14 C:\xampp\htdocs\chancetochange\index.php(17): require('C:\\xampp\\htdocs...')
#15 {main}
  thrown in C:\xampp\htdocs\chancetochange\wp-includes\class-wp-hook.php on line 310

2023-10-10T14:08:07+00:00 CRITICAL Uncaught Error: Failed opening required '/inc/custom-header.php' (include_path='C:\xampp\php\PEAR') in C:\xampp\htdocs\chancetochange\wp-content\themes\changetochallenge\functions.php:172
Stack trace:
#0 C:\xampp\htdocs\chancetochange\wp-settings.php(600): include()
#1 C:\xampp\htdocs\chancetochange\wp-config.php(96): require_once('C:\\xampp\\htdocs...')
#2 C:\xampp\htdocs\chancetochange\wp-load.php(50): require_once('C:\\xampp\\htdocs...')
#3 C:\xampp\htdocs\chancetochange\wp-blog-header.php(13): require_once('C:\\xampp\\htdocs...')
#4 C:\xampp\htdocs\chancetochange\index.php(17): require('C:\\xampp\\htdocs...')
#5 {main}
  thrown in C:\xampp\htdocs\chancetochange\wp-content\themes\changetochallenge\functions.php on line 172

2023-10-10T14:09:23+00:00 CRITICAL syntax error, unexpected single-quoted string ", array(), _S_VERSION );", expecting ")" in C:\xampp\htdocs\chancetochange\wp-content\themes\changetochallenge\functions.php on line 146

