2023-11-27T16:02:59+00:00 CRITICAL Uncaught Error: Call to a member function get_price_html() on null in C:\xampp2\htdocs\chancetochange\wp-content\plugins\woocommerce\templates\content-product.php:6
Stack trace:
#0 C:\xampp2\htdocs\chancetochange\wp-includes\template.php(787): require()
#1 C:\xampp2\htdocs\chancetochange\wp-content\plugins\woocommerce\includes\wc-core-functions.php(284): load_template('C:\\xampp2\\htdoc...', false)
#2 C:\xampp2\htdocs\chancetochange\wp-content\plugins\woocommerce\includes\shortcodes\class-wc-shortcode-products.php(660): wc_get_template_part('content', 'product')
#3 C:\xampp2\htdocs\chancetochange\wp-content\plugins\woocommerce\includes\shortcodes\class-wc-shortcode-products.php(100): WC_Shortcode_Products->product_loop()
#4 C:\xampp2\htdocs\chancetochange\wp-content\plugins\woocommerce\includes\class-wc-template-loader.php(600): WC_Shortcode_Products->get_content()
#5 C:\xampp2\htdocs\chancetochange\wp-includes\class-wp-hook.php(310): WC_Template_Loader::unsupported_theme_shop_content_filter('')
#6 C:\xampp2\htdocs\chancetochange\wp-includes\plugin.php(205): WP_Hook->apply_filters('', Array)
#7 C:\xampp2\htdocs\chancetochange\wp-includes\post-template.php(256): apply_filters('the_content', '')
#8 C:\xampp2\htdocs\chancetochange\wp-content\themes\changetochallenge\template-parts\content-page.php(21): the_content()
#9 C:\xampp2\htdocs\chancetochange\wp-includes\template.php(787): require('C:\\xampp2\\htdoc...')
#10 C:\xampp2\htdocs\chancetochange\wp-includes\template.php(720): load_template('C:\\xampp2\\htdoc...', false, Array)
#11 C:\xampp2\htdocs\chancetochange\wp-includes\general-template.php(206): locate_template(Array, true, false, Array)
#12 C:\xampp2\htdocs\chancetochange\wp-content\themes\changetochallenge\page.php(24): get_template_part('template-parts/...', 'page')
#13 C:\xampp2\htdocs\chancetochange\wp-includes\template-loader.php(106): include('C:\\xampp2\\htdoc...')
#14 C:\xampp2\htdocs\chancetochange\wp-blog-header.php(19): require_once('C:\\xampp2\\htdoc...')
#15 C:\xampp2\htdocs\chancetochange\index.php(17): require('C:\\xampp2\\htdoc...')
#16 {main}
  thrown in C:\xampp2\htdocs\chancetochange\wp-content\plugins\woocommerce\templates\content-product.php on line 6

