2023-10-20T00:21:13+00:00 CRITICAL Uncaught Error: Call to a member function get_id() on string in C:\xampp2\htdocs\chancetochange\wp-content\themes\changetochallenge\content-single-product.php:11
Stack trace:
#0 C:\xampp2\htdocs\chancetochange\wp-includes\template.php(787): require()
#1 C:\xampp2\htdocs\chancetochange\wp-content\plugins\woocommerce\includes\wc-core-functions.php(284): load_template('C:\\xampp2\\htdoc...', false)
#2 C:\xampp2\htdocs\chancetochange\wp-content\themes\changetochallenge\single-product.php(37): wc_get_template_part('content', 'single-product')
#3 C:\xampp2\htdocs\chancetochange\wp-includes\template-loader.php(106): include('C:\\xampp2\\htdoc...')
#4 C:\xampp2\htdocs\chancetochange\wp-blog-header.php(19): require_once('C:\\xampp2\\htdoc...')
#5 C:\xampp2\htdocs\chancetochange\index.php(17): require('C:\\xampp2\\htdoc...')
#6 {main}
  thrown in C:\xampp2\htdocs\chancetochange\wp-content\themes\changetochallenge\content-single-product.php on line 11

2023-10-20T00:23:01+00:00 CRITICAL Uncaught Error: Call to a member function get_id() on bool in C:\xampp2\htdocs\chancetochange\wp-content\themes\changetochallenge\content-single-product.php:12
Stack trace:
#0 C:\xampp2\htdocs\chancetochange\wp-includes\template.php(787): require()
#1 C:\xampp2\htdocs\chancetochange\wp-content\plugins\woocommerce\includes\wc-core-functions.php(284): load_template('C:\\xampp2\\htdoc...', false)
#2 C:\xampp2\htdocs\chancetochange\wp-content\themes\changetochallenge\single-product.php(37): wc_get_template_part('content', 'single-product')
#3 C:\xampp2\htdocs\chancetochange\wp-includes\template-loader.php(106): include('C:\\xampp2\\htdoc...')
#4 C:\xampp2\htdocs\chancetochange\wp-blog-header.php(19): require_once('C:\\xampp2\\htdoc...')
#5 C:\xampp2\htdocs\chancetochange\index.php(17): require('C:\\xampp2\\htdoc...')
#6 {main}
  thrown in C:\xampp2\htdocs\chancetochange\wp-content\themes\changetochallenge\content-single-product.php on line 12

2023-10-20T16:21:47+00:00 CRITICAL Uncaught Error: Call to undefined function money_format() in C:\xampp2\htdocs\chancetochange\wp-content\themes\changetochallenge\content-single-product.php:219
Stack trace:
#0 C:\xampp2\htdocs\chancetochange\wp-includes\template.php(787): require()
#1 C:\xampp2\htdocs\chancetochange\wp-content\plugins\woocommerce\includes\wc-core-functions.php(284): load_template('C:\\xampp2\\htdoc...', false)
#2 C:\xampp2\htdocs\chancetochange\wp-content\themes\changetochallenge\single-product.php(37): wc_get_template_part('content', 'single-product')
#3 C:\xampp2\htdocs\chancetochange\wp-includes\template-loader.php(106): include('C:\\xampp2\\htdoc...')
#4 C:\xampp2\htdocs\chancetochange\wp-blog-header.php(19): require_once('C:\\xampp2\\htdoc...')
#5 C:\xampp2\htdocs\chancetochange\index.php(17): require('C:\\xampp2\\htdoc...')
#6 {main}
  thrown in C:\xampp2\htdocs\chancetochange\wp-content\themes\changetochallenge\content-single-product.php on line 219

2023-10-20T16:25:48+00:00 CRITICAL Uncaught TypeError: number_format(): Argument #1 ($num) must be of type float, string given in C:\xampp2\htdocs\chancetochange\wp-content\themes\changetochallenge\content-single-product.php:219
Stack trace:
#0 C:\xampp2\htdocs\chancetochange\wp-content\themes\changetochallenge\content-single-product.php(219): number_format('%n', '4500')
#1 C:\xampp2\htdocs\chancetochange\wp-includes\template.php(787): require('C:\\xampp2\\htdoc...')
#2 C:\xampp2\htdocs\chancetochange\wp-content\plugins\woocommerce\includes\wc-core-functions.php(284): load_template('C:\\xampp2\\htdoc...', false)
#3 C:\xampp2\htdocs\chancetochange\wp-content\themes\changetochallenge\single-product.php(37): wc_get_template_part('content', 'single-product')
#4 C:\xampp2\htdocs\chancetochange\wp-includes\template-loader.php(106): include('C:\\xampp2\\htdoc...')
#5 C:\xampp2\htdocs\chancetochange\wp-blog-header.php(19): require_once('C:\\xampp2\\htdoc...')
#6 C:\xampp2\htdocs\chancetochange\index.php(17): require('C:\\xampp2\\htdoc...')
#7 {main}
  thrown in C:\xampp2\htdocs\chancetochange\wp-content\themes\changetochallenge\content-single-product.php on line 219

2023-10-20T16:32:07+00:00 CRITICAL Uncaught TypeError: number_format(): Argument #1 ($num) must be of type float, string given in C:\xampp2\htdocs\chancetochange\wp-content\themes\changetochallenge\content-single-product.php:219
Stack trace:
#0 C:\xampp2\htdocs\chancetochange\wp-content\themes\changetochallenge\content-single-product.php(219): number_format('%n', '4500')
#1 C:\xampp2\htdocs\chancetochange\wp-includes\template.php(787): require('C:\\xampp2\\htdoc...')
#2 C:\xampp2\htdocs\chancetochange\wp-content\plugins\woocommerce\includes\wc-core-functions.php(284): load_template('C:\\xampp2\\htdoc...', false)
#3 C:\xampp2\htdocs\chancetochange\wp-content\themes\changetochallenge\single-product.php(37): wc_get_template_part('content', 'single-product')
#4 C:\xampp2\htdocs\chancetochange\wp-includes\template-loader.php(106): include('C:\\xampp2\\htdoc...')
#5 C:\xampp2\htdocs\chancetochange\wp-blog-header.php(19): require_once('C:\\xampp2\\htdoc...')
#6 C:\xampp2\htdocs\chancetochange\index.php(17): require('C:\\xampp2\\htdoc...')
#7 {main}
  thrown in C:\xampp2\htdocs\chancetochange\wp-content\themes\changetochallenge\content-single-product.php on line 219

