2023-11-07T02:31:57+00:00 CRITICAL Uncaught Error: Undefined constant "IDCURRENT" in C:\xampp2\htdocs\chancetochange\wp-content\themes\changetochallenge\content-single-product.php:15
Stack trace:
#0 C:\xampp2\htdocs\chancetochange\wp-includes\template.php(787): require()
#1 C:\xampp2\htdocs\chancetochange\wp-content\plugins\woocommerce\includes\wc-core-functions.php(284): load_template('C:\\xampp2\\htdoc...', false)
#2 C:\xampp2\htdocs\chancetochange\wp-content\themes\changetochallenge\single-product.php(37): wc_get_template_part('content', 'single-product')
#3 C:\xampp2\htdocs\chancetochange\wp-includes\template-loader.php(106): include('C:\\xampp2\\htdoc...')
#4 C:\xampp2\htdocs\chancetochange\wp-blog-header.php(19): require_once('C:\\xampp2\\htdoc...')
#5 C:\xampp2\htdocs\chancetochange\index.php(17): require('C:\\xampp2\\htdoc...')
#6 {main}
  thrown in C:\xampp2\htdocs\chancetochange\wp-content\themes\changetochallenge\content-single-product.php on line 15

2023-11-07T02:31:58+00:00 CRITICAL Uncaught Error: Undefined constant "IDCURRENT" in C:\xampp2\htdocs\chancetochange\wp-content\themes\changetochallenge\content-single-product.php:15
Stack trace:
#0 C:\xampp2\htdocs\chancetochange\wp-includes\template.php(787): require()
#1 C:\xampp2\htdocs\chancetochange\wp-content\plugins\woocommerce\includes\wc-core-functions.php(284): load_template('C:\\xampp2\\htdoc...', false)
#2 C:\xampp2\htdocs\chancetochange\wp-content\themes\changetochallenge\single-product.php(37): wc_get_template_part('content', 'single-product')
#3 C:\xampp2\htdocs\chancetochange\wp-includes\template-loader.php(106): include('C:\\xampp2\\htdoc...')
#4 C:\xampp2\htdocs\chancetochange\wp-blog-header.php(19): require_once('C:\\xampp2\\htdoc...')
#5 C:\xampp2\htdocs\chancetochange\index.php(17): require('C:\\xampp2\\htdoc...')
#6 {main}
  thrown in C:\xampp2\htdocs\chancetochange\wp-content\themes\changetochallenge\content-single-product.php on line 15

2023-11-07T04:35:54+00:00 CRITICAL Uncaught Error: Call to a member function get_name() on null in C:\xampp2\htdocs\chancetochange\wp-content\themes\changetochallenge\template-parts\content-privacidad.php:31
Stack trace:
#0 C:\xampp2\htdocs\chancetochange\wp-includes\template-loader.php(106): include()
#1 C:\xampp2\htdocs\chancetochange\wp-blog-header.php(19): require_once('C:\\xampp2\\htdoc...')
#2 C:\xampp2\htdocs\chancetochange\index.php(17): require('C:\\xampp2\\htdoc...')
#3 {main}
  thrown in C:\xampp2\htdocs\chancetochange\wp-content\themes\changetochallenge\template-parts\content-privacidad.php on line 31

2023-11-07T18:52:38+00:00 CRITICAL syntax error, unexpected token "<", expecting end of file in C:\xampp2\htdocs\chancetochange\wp-content\themes\changetochallenge\template-parts\content-grupocerrado.php on line 124

2023-11-07T18:57:52+00:00 CRITICAL syntax error, unexpected token "<", expecting end of file in C:\xampp2\htdocs\chancetochange\wp-content\themes\changetochallenge\template-parts\content-grupocerrado.php on line 124

2023-11-07T21:28:25+00:00 CRITICAL Uncaught Error: Call to a member function get_price_html() on null in C:\xampp2\htdocs\chancetochange\wp-content\themes\changetochallenge\template-parts\content-grupocerrado.php:246
Stack trace:
#0 C:\xampp2\htdocs\chancetochange\wp-includes\template-loader.php(106): include()
#1 C:\xampp2\htdocs\chancetochange\wp-blog-header.php(19): require_once('C:\\xampp2\\htdoc...')
#2 C:\xampp2\htdocs\chancetochange\index.php(17): require('C:\\xampp2\\htdoc...')
#3 {main}
  thrown in C:\xampp2\htdocs\chancetochange\wp-content\themes\changetochallenge\template-parts\content-grupocerrado.php on line 246

2023-11-07T21:30:00+00:00 CRITICAL Uncaught Error: Call to a member function get_price_html() on null in C:\xampp2\htdocs\chancetochange\wp-content\themes\changetochallenge\template-parts\content-grupocerrado.php:246
Stack trace:
#0 C:\xampp2\htdocs\chancetochange\wp-includes\template-loader.php(106): include()
#1 C:\xampp2\htdocs\chancetochange\wp-blog-header.php(19): require_once('C:\\xampp2\\htdoc...')
#2 C:\xampp2\htdocs\chancetochange\index.php(17): require('C:\\xampp2\\htdoc...')
#3 {main}
  thrown in C:\xampp2\htdocs\chancetochange\wp-content\themes\changetochallenge\template-parts\content-grupocerrado.php on line 246

